This file contains any messages produced by compilers while
running configure, to aid debugging if configure makes a mistake.

It was created by stardict-tools configure 2.4.8, which was
generated by GNU Autoconf 2.59.  Invocation command line was

  $ ./configure 

## --------- ##
## Platform. ##
## --------- ##

hostname = localhost.localdomain
uname -m = x86_64
uname -r = 3.16.7-200.fc20.x86_64
uname -s = Linux
uname -v = #1 SMP Thu Oct 30 18:12:41 UTC 2014

/usr/bin/uname -p = x86_64
/bin/uname -X     = unknown

/bin/arch              = x86_64
/usr/bin/arch -k       = unknown
/usr/convex/getsysinfo = unknown
hostinfo               = unknown
/bin/machine           = unknown
/usr/bin/oslevel       = unknown
/bin/universe          = unknown

PATH: /usr/lib64/qt-3.3/bin
PATH: /usr/local/bin
PATH: /usr/local/sbin
PATH: /usr/bin
PATH: /usr/sbin
PATH: /bin
PATH: /sbin
PATH: /home/fed/.local/bin
PATH: /home/fed/bin


## ----------- ##
## Core tests. ##
## ----------- ##

configure:1581: checking for a BSD-compatible install
configure:1636: result: /usr/bin/install -c
configure:1647: checking whether build environment is sane
configure:1690: result: yes
configure:1714: WARNING: `missing' script is too old or missing
configure:1755: checking for gawk
configure:1771: found /usr/bin/gawk
configure:1781: result: gawk
configure:1791: checking whether make sets $(MAKE)
configure:1811: result: yes
configure:2060: checking build system type
configure:2078: result: x86_64-redhat-linux-gnu
configure:2086: checking host system type
configure:2100: result: x86_64-redhat-linux-gnu
configure:2120: checking for style of include used by make
configure:2148: result: GNU
configure:2219: checking for gcc
configure:2235: found /usr/bin/gcc
configure:2245: result: gcc
configure:2489: checking for C compiler version
configure:2492: gcc --version </dev/null >&5
gcc (GCC) 5.3.1 20160406 (Red Hat 5.3.1-6)
Copyright (C) 2015 Free Software Foundation, Inc.
This is free software; see the source for copying conditions.  There is NO
warranty; not even for MERCHANTABILITY or FITNESS FOR A PARTICULAR PURPOSE.

configure:2495: $? = 0
configure:2497: gcc -v </dev/null >&5
Using built-in specs.
COLLECT_GCC=gcc
COLLECT_LTO_WRAPPER=/usr/libexec/gcc/x86_64-redhat-linux/5.3.1/lto-wrapper
Target: x86_64-redhat-linux
Configured with: ../configure --enable-bootstrap --enable-languages=c,c++,objc,obj-c++,fortran,ada,go,lto --prefix=/usr --mandir=/usr/share/man --infodir=/usr/share/info --with-bugurl=http://bugzilla.redhat.com/bugzilla --enable-shared --enable-threads=posix --enable-checking=release --enable-multilib --with-system-zlib --enable-__cxa_atexit --disable-libunwind-exceptions --enable-gnu-unique-object --enable-linker-build-id --with-linker-hash-style=gnu --enable-plugin --enable-initfini-array --disable-libgcj --with-default-libstdcxx-abi=gcc4-compatible --with-isl --enable-libmpx --enable-gnu-indirect-function --with-tune=generic --with-arch_32=i686 --build=x86_64-redhat-linux
Thread model: posix
gcc version 5.3.1 20160406 (Red Hat 5.3.1-6) (GCC) 
configure:2500: $? = 0
configure:2502: gcc -V </dev/null >&5
gcc: error: unrecognized command line option '-V'
gcc: fatal error: no input files
compilation terminated.
configure:2505: $? = 1
configure:2528: checking for C compiler default output file name
configure:2531: gcc    conftest.c  >&5
configure:2534: $? = 0
configure:2580: result: a.out
configure:2585: checking whether the C compiler works
configure:2591: ./a.out
configure:2594: $? = 0
configure:2611: result: yes
configure:2618: checking whether we are cross compiling
configure:2620: result: no
configure:2623: checking for suffix of executables
configure:2625: gcc -o conftest    conftest.c  >&5
configure:2628: $? = 0
configure:2653: result: 
configure:2659: checking for suffix of object files
configure:2680: gcc -c   conftest.c >&5
configure:2683: $? = 0
configure:2705: result: o
configure:2709: checking whether we are using the GNU C compiler
configure:2733: gcc -c   conftest.c >&5
configure:2739: $? = 0
configure:2743: test -z 
			 || test ! -s conftest.err
configure:2746: $? = 0
configure:2749: test -s conftest.o
configure:2752: $? = 0
configure:2765: result: yes
configure:2771: checking whether gcc accepts -g
configure:2792: gcc -c -g  conftest.c >&5
configure:2798: $? = 0
configure:2802: test -z 
			 || test ! -s conftest.err
configure:2805: $? = 0
configure:2808: test -s conftest.o
configure:2811: $? = 0
configure:2822: result: yes
configure:2839: checking for gcc option to accept ANSI C
configure:2909: gcc  -c -g -O2  conftest.c >&5
configure:2915: $? = 0
configure:2919: test -z 
			 || test ! -s conftest.err
configure:2922: $? = 0
configure:2925: test -s conftest.o
configure:2928: $? = 0
configure:2946: result: none needed
configure:2964: gcc -c -g -O2  conftest.c >&5
conftest.c:2:3: error: unknown type name 'choke'
   choke me
   ^
conftest.c:2:3: error: expected '=', ',', ';', 'asm' or '__attribute__' at end of input
configure:2970: $? = 1
configure: failed program was:
| #ifndef __cplusplus
|   choke me
| #endif
configure:3105: checking dependency style of gcc
configure:3195: result: gcc3
configure:3212: checking for a sed that does not truncate output
configure:3266: result: /usr/bin/sed
configure:3269: checking for egrep
configure:3279: result: grep -E
configure:3295: checking for ld used by gcc
configure:3362: result: /usr/bin/ld
configure:3371: checking if the linker (/usr/bin/ld) is GNU ld
configure:3386: result: yes
configure:3391: checking for /usr/bin/ld option to reload object files
configure:3398: result: -r
configure:3416: checking for BSD-compatible nm
configure:3465: result: /usr/bin/nm -B
configure:3469: checking whether ln -s works
configure:3473: result: yes
configure:3480: checking how to recognise dependent libraries
configure:3656: result: pass_all
configure:3744: gcc -c -g -O2  conftest.c >&5
configure:3747: $? = 0
configure:3893: checking how to run the C preprocessor
configure:3928: gcc -E  conftest.c
configure:3934: $? = 0
configure:3966: gcc -E  conftest.c
conftest.c:11:28: fatal error: ac_nonexistent.h: No such file or directory
compilation terminated.
configure:3972: $? = 1
configure: failed program was:
| /* confdefs.h.  */
| 
| #define PACKAGE_NAME "stardict-tools"
| #define PACKAGE_TARNAME "stardict-tools"
| #define PACKAGE_VERSION "2.4.8"
| #define PACKAGE_STRING "stardict-tools 2.4.8"
| #define PACKAGE_BUGREPORT "http://stardict.sourceforge.net"
| #define PACKAGE "stardict-tools"
| #define VERSION "2.4.8"
| /* end confdefs.h.  */
| #include <ac_nonexistent.h>
configure:4011: result: gcc -E
configure:4035: gcc -E  conftest.c
configure:4041: $? = 0
configure:4073: gcc -E  conftest.c
conftest.c:11:28: fatal error: ac_nonexistent.h: No such file or directory
compilation terminated.
configure:4079: $? = 1
configure: failed program was:
| /* confdefs.h.  */
| 
| #define PACKAGE_NAME "stardict-tools"
| #define PACKAGE_TARNAME "stardict-tools"
| #define PACKAGE_VERSION "2.4.8"
| #define PACKAGE_STRING "stardict-tools 2.4.8"
| #define PACKAGE_BUGREPORT "http://stardict.sourceforge.net"
| #define PACKAGE "stardict-tools"
| #define VERSION "2.4.8"
| /* end confdefs.h.  */
| #include <ac_nonexistent.h>
configure:4123: checking for ANSI C header files
configure:4148: gcc -c -g -O2  conftest.c >&5
configure:4154: $? = 0
configure:4158: test -z 
			 || test ! -s conftest.err
configure:4161: $? = 0
configure:4164: test -s conftest.o
configure:4167: $? = 0
configure:4256: gcc -o conftest -g -O2   conftest.c  >&5
conftest.c: In function 'main':
conftest.c:28:7: warning: implicit declaration of function 'exit' [-Wimplicit-function-declaration]
       exit(2);
       ^
conftest.c:28:7: warning: incompatible implicit declaration of built-in function 'exit'
conftest.c:28:7: note: include '<stdlib.h>' or provide a declaration of 'exit'
conftest.c:29:3: warning: incompatible implicit declaration of built-in function 'exit'
   exit (0);
   ^
conftest.c:29:3: note: include '<stdlib.h>' or provide a declaration of 'exit'
configure:4259: $? = 0
configure:4261: ./conftest
configure:4264: $? = 0
configure:4279: result: yes
configure:4303: checking for sys/types.h
configure:4319: gcc -c -g -O2  conftest.c >&5
configure:4325: $? = 0
configure:4329: test -z 
			 || test ! -s conftest.err
configure:4332: $? = 0
configure:4335: test -s conftest.o
configure:4338: $? = 0
configure:4349: result: yes
configure:4303: checking for sys/stat.h
configure:4319: gcc -c -g -O2  conftest.c >&5
configure:4325: $? = 0
configure:4329: test -z 
			 || test ! -s conftest.err
configure:4332: $? = 0
configure:4335: test -s conftest.o
configure:4338: $? = 0
configure:4349: result: yes
configure:4303: checking for stdlib.h
configure:4319: gcc -c -g -O2  conftest.c >&5
configure:4325: $? = 0
configure:4329: test -z 
			 || test ! -s conftest.err
configure:4332: $? = 0
configure:4335: test -s conftest.o
configure:4338: $? = 0
configure:4349: result: yes
configure:4303: checking for string.h
configure:4319: gcc -c -g -O2  conftest.c >&5
configure:4325: $? = 0
configure:4329: test -z 
			 || test ! -s conftest.err
configure:4332: $? = 0
configure:4335: test -s conftest.o
configure:4338: $? = 0
configure:4349: result: yes
configure:4303: checking for memory.h
configure:4319: gcc -c -g -O2  conftest.c >&5
configure:4325: $? = 0
configure:4329: test -z 
			 || test ! -s conftest.err
configure:4332: $? = 0
configure:4335: test -s conftest.o
configure:4338: $? = 0
configure:4349: result: yes
configure:4303: checking for strings.h
configure:4319: gcc -c -g -O2  conftest.c >&5
configure:4325: $? = 0
configure:4329: test -z 
			 || test ! -s conftest.err
configure:4332: $? = 0
configure:4335: test -s conftest.o
configure:4338: $? = 0
configure:4349: result: yes
configure:4303: checking for inttypes.h
configure:4319: gcc -c -g -O2  conftest.c >&5
configure:4325: $? = 0
configure:4329: test -z 
			 || test ! -s conftest.err
configure:4332: $? = 0
configure:4335: test -s conftest.o
configure:4338: $? = 0
configure:4349: result: yes
configure:4303: checking for stdint.h
configure:4319: gcc -c -g -O2  conftest.c >&5
configure:4325: $? = 0
configure:4329: test -z 
			 || test ! -s conftest.err
configure:4332: $? = 0
configure:4335: test -s conftest.o
configure:4338: $? = 0
configure:4349: result: yes
configure:4303: checking for unistd.h
configure:4319: gcc -c -g -O2  conftest.c >&5
configure:4325: $? = 0
configure:4329: test -z 
			 || test ! -s conftest.err
configure:4332: $? = 0
configure:4335: test -s conftest.o
configure:4338: $? = 0
configure:4349: result: yes
configure:4375: checking dlfcn.h usability
configure:4387: gcc -c -g -O2  conftest.c >&5
configure:4393: $? = 0
configure:4397: test -z 
			 || test ! -s conftest.err
configure:4400: $? = 0
configure:4403: test -s conftest.o
configure:4406: $? = 0
configure:4416: result: yes
configure:4420: checking dlfcn.h presence
configure:4430: gcc -E  conftest.c
configure:4436: $? = 0
configure:4456: result: yes
configure:4491: checking for dlfcn.h
configure:4498: result: yes
configure:4563: checking for g++
configure:4579: found /usr/bin/g++
configure:4589: result: g++
configure:4605: checking for C++ compiler version
configure:4608: g++ --version </dev/null >&5
g++ (GCC) 5.3.1 20160406 (Red Hat 5.3.1-6)
Copyright (C) 2015 Free Software Foundation, Inc.
This is free software; see the source for copying conditions.  There is NO
warranty; not even for MERCHANTABILITY or FITNESS FOR A PARTICULAR PURPOSE.

configure:4611: $? = 0
configure:4613: g++ -v </dev/null >&5
Using built-in specs.
COLLECT_GCC=g++
COLLECT_LTO_WRAPPER=/usr/libexec/gcc/x86_64-redhat-linux/5.3.1/lto-wrapper
Target: x86_64-redhat-linux
Configured with: ../configure --enable-bootstrap --enable-languages=c,c++,objc,obj-c++,fortran,ada,go,lto --prefix=/usr --mandir=/usr/share/man --infodir=/usr/share/info --with-bugurl=http://bugzilla.redhat.com/bugzilla --enable-shared --enable-threads=posix --enable-checking=release --enable-multilib --with-system-zlib --enable-__cxa_atexit --disable-libunwind-exceptions --enable-gnu-unique-object --enable-linker-build-id --with-linker-hash-style=gnu --enable-plugin --enable-initfini-array --disable-libgcj --with-default-libstdcxx-abi=gcc4-compatible --with-isl --enable-libmpx --enable-gnu-indirect-function --with-tune=generic --with-arch_32=i686 --build=x86_64-redhat-linux
Thread model: posix
gcc version 5.3.1 20160406 (Red Hat 5.3.1-6) (GCC) 
configure:4616: $? = 0
configure:4618: g++ -V </dev/null >&5
g++: error: unrecognized command line option '-V'
g++: fatal error: no input files
compilation terminated.
configure:4621: $? = 1
configure:4624: checking whether we are using the GNU C++ compiler
configure:4648: g++ -c   conftest.cc >&5
configure:4654: $? = 0
configure:4658: test -z 
			 || test ! -s conftest.err
configure:4661: $? = 0
configure:4664: test -s conftest.o
configure:4667: $? = 0
configure:4680: result: yes
configure:4686: checking whether g++ accepts -g
configure:4707: g++ -c -g  conftest.cc >&5
configure:4713: $? = 0
configure:4717: test -z 
			 || test ! -s conftest.err
configure:4720: $? = 0
configure:4723: test -s conftest.o
configure:4726: $? = 0
configure:4737: result: yes
configure:4779: g++ -c -g -O2  conftest.cc >&5
configure:4785: $? = 0
configure:4789: test -z 
			 || test ! -s conftest.err
configure:4792: $? = 0
configure:4795: test -s conftest.o
configure:4798: $? = 0
configure:4824: g++ -c -g -O2  conftest.cc >&5
conftest.cc: In function 'int main()':
conftest.cc:26:9: error: 'exit' was not declared in this scope
 exit (42);
         ^
configure:4830: $? = 1
configure: failed program was:
| /* confdefs.h.  */
| 
| #define PACKAGE_NAME "stardict-tools"
| #define PACKAGE_TARNAME "stardict-tools"
| #define PACKAGE_VERSION "2.4.8"
| #define PACKAGE_STRING "stardict-tools 2.4.8"
| #define PACKAGE_BUGREPORT "http://stardict.sourceforge.net"
| #define PACKAGE "stardict-tools"
| #define VERSION "2.4.8"
| #define STDC_HEADERS 1
| #define HAVE_SYS_TYPES_H 1
| #define HAVE_SYS_STAT_H 1
| #define HAVE_STDLIB_H 1
| #define HAVE_STRING_H 1
| #define HAVE_MEMORY_H 1
| #define HAVE_STRINGS_H 1
| #define HAVE_INTTYPES_H 1
| #define HAVE_STDINT_H 1
| #define HAVE_UNISTD_H 1
| #define HAVE_DLFCN_H 1
| /* end confdefs.h.  */
| 
| int
| main ()
| {
| exit (42);
|   ;
|   return 0;
| }
configure:4779: g++ -c -g -O2  conftest.cc >&5
conftest.cc:22:40: error: 'void std::exit(int)' should have been declared inside 'std'
 extern "C" void std::exit (int) throw (); using std::exit;
                                        ^
configure:4785: $? = 1
configure: failed program was:
| /* confdefs.h.  */
| 
| #define PACKAGE_NAME "stardict-tools"
| #define PACKAGE_TARNAME "stardict-tools"
| #define PACKAGE_VERSION "2.4.8"
| #define PACKAGE_STRING "stardict-tools 2.4.8"
| #define PACKAGE_BUGREPORT "http://stardict.sourceforge.net"
| #define PACKAGE "stardict-tools"
| #define VERSION "2.4.8"
| #define STDC_HEADERS 1
| #define HAVE_SYS_TYPES_H 1
| #define HAVE_SYS_STAT_H 1
| #define HAVE_STDLIB_H 1
| #define HAVE_STRING_H 1
| #define HAVE_MEMORY_H 1
| #define HAVE_STRINGS_H 1
| #define HAVE_INTTYPES_H 1
| #define HAVE_STDINT_H 1
| #define HAVE_UNISTD_H 1
| #define HAVE_DLFCN_H 1
| /* end confdefs.h.  */
| extern "C" void std::exit (int) throw (); using std::exit;
| #include <stdlib.h>
| int
| main ()
| {
| exit (42);
|   ;
|   return 0;
| }
configure:4779: g++ -c -g -O2  conftest.cc >&5
conftest.cc:22:31: error: 'void std::exit(int)' should have been declared inside 'std'
 extern "C" void std::exit (int); using std::exit;
                               ^
In file included from conftest.cc:23:0:
/usr/include/stdlib.h:543:70: error: declaration of 'void std::exit(int) throw ()' has a different exception specifier
 extern void exit (int __status) __THROW __attribute__ ((__noreturn__));
                                                                      ^
conftest.cc:22:17: error: from previous declaration 'void std::exit(int)'
 extern "C" void std::exit (int); using std::exit;
                 ^
configure:4785: $? = 1
configure: failed program was:
| /* confdefs.h.  */
| 
| #define PACKAGE_NAME "stardict-tools"
| #define PACKAGE_TARNAME "stardict-tools"
| #define PACKAGE_VERSION "2.4.8"
| #define PACKAGE_STRING "stardict-tools 2.4.8"
| #define PACKAGE_BUGREPORT "http://stardict.sourceforge.net"
| #define PACKAGE "stardict-tools"
| #define VERSION "2.4.8"
| #define STDC_HEADERS 1
| #define HAVE_SYS_TYPES_H 1
| #define HAVE_SYS_STAT_H 1
| #define HAVE_STDLIB_H 1
| #define HAVE_STRING_H 1
| #define HAVE_MEMORY_H 1
| #define HAVE_STRINGS_H 1
| #define HAVE_INTTYPES_H 1
| #define HAVE_STDINT_H 1
| #define HAVE_UNISTD_H 1
| #define HAVE_DLFCN_H 1
| /* end confdefs.h.  */
| extern "C" void std::exit (int); using std::exit;
| #include <stdlib.h>
| int
| main ()
| {
| exit (42);
|   ;
|   return 0;
| }
configure:4779: g++ -c -g -O2  conftest.cc >&5
configure:4785: $? = 0
configure:4789: test -z 
			 || test ! -s conftest.err
configure:4792: $? = 0
configure:4795: test -s conftest.o
configure:4798: $? = 0
configure:4824: g++ -c -g -O2  conftest.cc >&5
configure:4830: $? = 0
configure:4834: test -z 
			 || test ! -s conftest.err
configure:4837: $? = 0
configure:4840: test -s conftest.o
configure:4843: $? = 0
configure:4868: checking dependency style of g++
configure:4958: result: gcc3
configure:4985: checking how to run the C++ preprocessor
configure:5016: g++ -E  conftest.cc
configure:5022: $? = 0
configure:5054: g++ -E  conftest.cc
conftest.cc:25:28: fatal error: ac_nonexistent.h: No such file or directory
compilation terminated.
configure:5060: $? = 1
configure: failed program was:
| /* confdefs.h.  */
| 
| #define PACKAGE_NAME "stardict-tools"
| #define PACKAGE_TARNAME "stardict-tools"
| #define PACKAGE_VERSION "2.4.8"
| #define PACKAGE_STRING "stardict-tools 2.4.8"
| #define PACKAGE_BUGREPORT "http://stardict.sourceforge.net"
| #define PACKAGE "stardict-tools"
| #define VERSION "2.4.8"
| #define STDC_HEADERS 1
| #define HAVE_SYS_TYPES_H 1
| #define HAVE_SYS_STAT_H 1
| #define HAVE_STDLIB_H 1
| #define HAVE_STRING_H 1
| #define HAVE_MEMORY_H 1
| #define HAVE_STRINGS_H 1
| #define HAVE_INTTYPES_H 1
| #define HAVE_STDINT_H 1
| #define HAVE_UNISTD_H 1
| #define HAVE_DLFCN_H 1
| #ifdef __cplusplus
| extern "C" void exit (int) throw ();
| #endif
| /* end confdefs.h.  */
| #include <ac_nonexistent.h>
configure:5099: result: g++ -E
configure:5123: g++ -E  conftest.cc
configure:5129: $? = 0
configure:5161: g++ -E  conftest.cc
conftest.cc:25:28: fatal error: ac_nonexistent.h: No such file or directory
compilation terminated.
configure:5167: $? = 1
configure: failed program was:
| /* confdefs.h.  */
| 
| #define PACKAGE_NAME "stardict-tools"
| #define PACKAGE_TARNAME "stardict-tools"
| #define PACKAGE_VERSION "2.4.8"
| #define PACKAGE_STRING "stardict-tools 2.4.8"
| #define PACKAGE_BUGREPORT "http://stardict.sourceforge.net"
| #define PACKAGE "stardict-tools"
| #define VERSION "2.4.8"
| #define STDC_HEADERS 1
| #define HAVE_SYS_TYPES_H 1
| #define HAVE_SYS_STAT_H 1
| #define HAVE_STDLIB_H 1
| #define HAVE_STRING_H 1
| #define HAVE_MEMORY_H 1
| #define HAVE_STRINGS_H 1
| #define HAVE_INTTYPES_H 1
| #define HAVE_STDINT_H 1
| #define HAVE_UNISTD_H 1
| #define HAVE_DLFCN_H 1
| #ifdef __cplusplus
| extern "C" void exit (int) throw ();
| #endif
| /* end confdefs.h.  */
| #include <ac_nonexistent.h>
configure:5264: checking for g77
configure:5293: result: no
configure:5264: checking for f77
configure:5293: result: no
configure:5264: checking for xlf
configure:5293: result: no
configure:5264: checking for frt
configure:5293: result: no
configure:5264: checking for pgf77
configure:5293: result: no
configure:5264: checking for fort77
configure:5293: result: no
configure:5264: checking for fl32
configure:5293: result: no
configure:5264: checking for af77
configure:5293: result: no
configure:5264: checking for f90
configure:5293: result: no
configure:5264: checking for xlf90
configure:5293: result: no
configure:5264: checking for pgf90
configure:5293: result: no
configure:5264: checking for epcf90
configure:5293: result: no
configure:5264: checking for f95
configure:5293: result: no
configure:5264: checking for fort
configure:5293: result: no
configure:5264: checking for xlf95
configure:5293: result: no
configure:5264: checking for ifc
configure:5293: result: no
configure:5264: checking for efc
configure:5293: result: no
configure:5264: checking for pgf95
configure:5293: result: no
configure:5264: checking for lf95
configure:5293: result: no
configure:5264: checking for gfortran
configure:5293: result: no
configure:5305: checking for Fortran 77 compiler version
configure:5308:  --version </dev/null >&5
./configure: line 5309: --version: command not found
configure:5311: $? = 127
configure:5313:  -v </dev/null >&5
./configure: line 5314: -v: command not found
configure:5316: $? = 127
configure:5318:  -V </dev/null >&5
./configure: line 5319: -V: command not found
configure:5321: $? = 127
configure:5329: checking whether we are using the GNU Fortran 77 compiler
configure:5343:  -c  conftest.F >&5
./configure: line 5344: -c: command not found
configure:5349: $? = 127
configure: failed program was:
|       program main
| #ifndef __GNUC__
|        choke me
| #endif
| 
|       end
configure:5375: result: no
configure:5381: checking whether  accepts -g
configure:5393:  -c -g conftest.f >&5
./configure: line 5394: -c: command not found
configure:5399: $? = 127
configure: failed program was:
|       program main
| 
|       end
configure:5424: result: no
configure:5454: checking the maximum length of command line arguments
configure:5563: result: 32768
configure:5574: checking command to parse /usr/bin/nm -B output from gcc object
configure:5679: gcc -c -g -O2  conftest.c >&5
configure:5682: $? = 0
configure:5686: /usr/bin/nm -B conftest.o \| sed -n -e 's/^.*[ 	]\([ABCDGIRSTW][ABCDGIRSTW]*\)[ 	][ 	]*\([_A-Za-z][_A-Za-z0-9]*\)$/\1 \2 \2/p' \> conftest.nm
configure:5689: $? = 0
configure:5741: gcc -o conftest -g -O2   conftest.c conftstm.o >&5
configure:5744: $? = 0
configure:5782: result: ok
configure:5786: checking for objdir
configure:5801: result: .libs
configure:5891: checking for ar
configure:5907: found /usr/bin/ar
configure:5918: result: ar
configure:5971: checking for ranlib
configure:5987: found /usr/bin/ranlib
configure:5998: result: ranlib
configure:6051: checking for strip
configure:6067: found /usr/bin/strip
configure:6078: result: strip
configure:6350: checking if gcc supports -fno-rtti -fno-exceptions
configure:6368: gcc -c -g -O2  -fno-rtti -fno-exceptions conftest.c >&5
cc1: warning: command line option '-fno-rtti' is valid for C++/ObjC++ but not for C
configure:6372: $? = 0
configure:6385: result: no
configure:6400: checking for gcc option to produce PIC
configure:6610: result: -fPIC
configure:6618: checking if gcc PIC flag -fPIC works
configure:6636: gcc -c -g -O2  -fPIC -DPIC conftest.c >&5
configure:6640: $? = 0
configure:6653: result: yes
configure:6681: checking if gcc static flag -static works
configure:6709: result: no
configure:6719: checking if gcc supports -c -o file.o
configure:6740: gcc -c -g -O2  -o out/conftest2.o conftest.c >&5
configure:6744: $? = 0
configure:6766: result: yes
configure:6792: checking whether the gcc linker (/usr/bin/ld -m elf_x86_64) supports shared libraries
configure:7750: result: yes
configure:7771: checking whether -lc should be explicitly linked in
configure:7776: gcc -c -g -O2  conftest.c >&5
configure:7779: $? = 0
configure:7794: gcc -shared conftest.o  -v -Wl,-soname -Wl,conftest -o conftest 2\>\&1 \| grep  -lc  \>/dev/null 2\>\&1
configure:7797: $? = 0
configure:7809: result: no
configure:7817: checking dynamic linker characteristics
configure:8210: gcc -c -g -O2  conftest.c >&5
configure:8213: $? = 0
configure:8426: result: GNU/Linux ld.so
configure:8435: checking how to hardcode library paths into programs
configure:8460: result: immediate
configure:8474: checking whether stripping libraries is possible
configure:8479: result: yes
configure:9313: checking if libtool supports shared libraries
configure:9315: result: yes
configure:9318: checking whether to build shared libraries
configure:9339: result: yes
configure:9342: checking whether to build static libraries
configure:9346: result: yes
configure:9438: creating libtool
configure:10026: checking for ld used by g++
configure:10093: result: /usr/bin/ld -m elf_x86_64
configure:10102: checking if the linker (/usr/bin/ld -m elf_x86_64) is GNU ld
configure:10117: result: yes
configure:10168: checking whether the g++ linker (/usr/bin/ld -m elf_x86_64) supports shared libraries
configure:11106: result: yes
configure:11124: g++ -c -g -O2  conftest.cpp >&5
configure:11127: $? = 0
configure:11246: checking for g++ option to produce PIC
configure:11520: result: -fPIC
configure:11528: checking if g++ PIC flag -fPIC works
configure:11546: g++ -c -g -O2  -fPIC -DPIC conftest.cpp >&5
configure:11550: $? = 0
configure:11563: result: yes
configure:11591: checking if g++ static flag -static works
configure:11619: result: no
configure:11629: checking if g++ supports -c -o file.o
configure:11650: g++ -c -g -O2  -o out/conftest2.o conftest.cpp >&5
configure:11654: $? = 0
configure:11676: result: yes
configure:11702: checking whether the g++ linker (/usr/bin/ld -m elf_x86_64) supports shared libraries
configure:11727: result: yes
configure:11794: checking dynamic linker characteristics
configure:12187: g++ -c -g -O2  conftest.cpp >&5
configure:12190: $? = 0
configure:12403: result: GNU/Linux ld.so
configure:12412: checking how to hardcode library paths into programs
configure:12437: result: immediate
configure:18677: checking for gcc
configure:18703: result: gcc
configure:18947: checking for C compiler version
configure:18950: gcc --version </dev/null >&5
gcc (GCC) 5.3.1 20160406 (Red Hat 5.3.1-6)
Copyright (C) 2015 Free Software Foundation, Inc.
This is free software; see the source for copying conditions.  There is NO
warranty; not even for MERCHANTABILITY or FITNESS FOR A PARTICULAR PURPOSE.

configure:18953: $? = 0
configure:18955: gcc -v </dev/null >&5
Using built-in specs.
COLLECT_GCC=gcc
COLLECT_LTO_WRAPPER=/usr/libexec/gcc/x86_64-redhat-linux/5.3.1/lto-wrapper
Target: x86_64-redhat-linux
Configured with: ../configure --enable-bootstrap --enable-languages=c,c++,objc,obj-c++,fortran,ada,go,lto --prefix=/usr --mandir=/usr/share/man --infodir=/usr/share/info --with-bugurl=http://bugzilla.redhat.com/bugzilla --enable-shared --enable-threads=posix --enable-checking=release --enable-multilib --with-system-zlib --enable-__cxa_atexit --disable-libunwind-exceptions --enable-gnu-unique-object --enable-linker-build-id --with-linker-hash-style=gnu --enable-plugin --enable-initfini-array --disable-libgcj --with-default-libstdcxx-abi=gcc4-compatible --with-isl --enable-libmpx --enable-gnu-indirect-function --with-tune=generic --with-arch_32=i686 --build=x86_64-redhat-linux
Thread model: posix
gcc version 5.3.1 20160406 (Red Hat 5.3.1-6) (GCC) 
configure:18958: $? = 0
configure:18960: gcc -V </dev/null >&5
gcc: error: unrecognized command line option '-V'
gcc: fatal error: no input files
compilation terminated.
configure:18963: $? = 1
configure:18966: checking whether we are using the GNU C compiler
configure:19022: result: yes
configure:19028: checking whether gcc accepts -g
configure:19079: result: yes
configure:19096: checking for gcc option to accept ANSI C
configure:19203: result: none needed
configure:19221: gcc -c -g -O2  conftest.c >&5
conftest.c:2:3: error: unknown type name 'choke'
   choke me
   ^
conftest.c:2:3: error: expected '=', ',', ';', 'asm' or '__attribute__' at end of input
configure:19227: $? = 1
configure: failed program was:
| #ifndef __cplusplus
|   choke me
| #endif
configure:19362: checking dependency style of gcc
configure:19452: result: gcc3
configure:19563: checking for C++ compiler version
configure:19566: g++ --version </dev/null >&5
g++ (GCC) 5.3.1 20160406 (Red Hat 5.3.1-6)
Copyright (C) 2015 Free Software Foundation, Inc.
This is free software; see the source for copying conditions.  There is NO
warranty; not even for MERCHANTABILITY or FITNESS FOR A PARTICULAR PURPOSE.

configure:19569: $? = 0
configure:19571: g++ -v </dev/null >&5
Using built-in specs.
COLLECT_GCC=g++
COLLECT_LTO_WRAPPER=/usr/libexec/gcc/x86_64-redhat-linux/5.3.1/lto-wrapper
Target: x86_64-redhat-linux
Configured with: ../configure --enable-bootstrap --enable-languages=c,c++,objc,obj-c++,fortran,ada,go,lto --prefix=/usr --mandir=/usr/share/man --infodir=/usr/share/info --with-bugurl=http://bugzilla.redhat.com/bugzilla --enable-shared --enable-threads=posix --enable-checking=release --enable-multilib --with-system-zlib --enable-__cxa_atexit --disable-libunwind-exceptions --enable-gnu-unique-object --enable-linker-build-id --with-linker-hash-style=gnu --enable-plugin --enable-initfini-array --disable-libgcj --with-default-libstdcxx-abi=gcc4-compatible --with-isl --enable-libmpx --enable-gnu-indirect-function --with-tune=generic --with-arch_32=i686 --build=x86_64-redhat-linux
Thread model: posix
gcc version 5.3.1 20160406 (Red Hat 5.3.1-6) (GCC) 
configure:19574: $? = 0
configure:19576: g++ -V </dev/null >&5
g++: error: unrecognized command line option '-V'
g++: fatal error: no input files
compilation terminated.
configure:19579: $? = 1
configure:19582: checking whether we are using the GNU C++ compiler
configure:19638: result: yes
configure:19644: checking whether g++ accepts -g
configure:19695: result: yes
configure:19737: g++ -c -g -O2  conftest.cc >&5
configure:19743: $? = 0
configure:19747: test -z 
			 || test ! -s conftest.err
configure:19750: $? = 0
configure:19753: test -s conftest.o
configure:19756: $? = 0
configure:19782: g++ -c -g -O2  conftest.cc >&5
configure:19788: $? = 0
configure:19792: test -z 
			 || test ! -s conftest.err
configure:19795: $? = 0
configure:19798: test -s conftest.o
configure:19801: $? = 0
configure:19826: checking dependency style of g++
configure:19916: result: gcc3
configure:19937: checking for ANSI C header files
configure:20093: result: yes
configure:20108: checking for stdlib.h
configure:20113: result: yes
configure:20306: checking for pkg-config
configure:20324: found /usr/bin/pkg-config
configure:20336: result: /usr/bin/pkg-config
configure:20351: checking pkg-config is at least version 0.9.0
configure:20354: result: yes
configure:20365: checking for STARDICT
configure:20373: $PKG_CONFIG --exists --print-errors "$DEP_MODULES"
configure:20376: $? = 0
configure:20391: $PKG_CONFIG --exists --print-errors "$DEP_MODULES"
configure:20394: $? = 0
configure:20470: result: yes
configure:20479: checking for DSL2DICT
configure:20487: $PKG_CONFIG --exists --print-errors "libpcre"
configure:20490: $? = 0
configure:20505: $PKG_CONFIG --exists --print-errors "libpcre"
configure:20508: $? = 0
configure:20584: result: yes
configure:20721: creating ./config.status

## ---------------------- ##
## Running config.status. ##
## ---------------------- ##

This file was extended by stardict-tools config.status 2.4.8, which was
generated by GNU Autoconf 2.59.  Invocation command line was

  CONFIG_FILES    = 
  CONFIG_HEADERS  = 
  CONFIG_LINKS    = 
  CONFIG_COMMANDS = 
  $ ./config.status 

on localhost.localdomain

config.status:721: creating Makefile
config.status:721: creating src/Makefile
config.status:825: creating config.h
config.status:1117: executing depfiles commands

## ---------------- ##
## Cache variables. ##
## ---------------- ##

ac_cv_build=x86_64-redhat-linux-gnu
ac_cv_build_alias=x86_64-redhat-linux-gnu
ac_cv_c_compiler_gnu=yes
ac_cv_cxx_compiler_gnu=yes
ac_cv_env_CC_set=
ac_cv_env_CC_value=
ac_cv_env_CFLAGS_set=
ac_cv_env_CFLAGS_value=
ac_cv_env_CPPFLAGS_set=
ac_cv_env_CPPFLAGS_value=
ac_cv_env_CPP_set=
ac_cv_env_CPP_value=
ac_cv_env_CXXCPP_set=
ac_cv_env_CXXCPP_value=
ac_cv_env_CXXFLAGS_set=
ac_cv_env_CXXFLAGS_value=
ac_cv_env_CXX_set=
ac_cv_env_CXX_value=
ac_cv_env_DSL2DICT_CFLAGS_set=
ac_cv_env_DSL2DICT_CFLAGS_value=
ac_cv_env_DSL2DICT_LIBS_set=
ac_cv_env_DSL2DICT_LIBS_value=
ac_cv_env_F77_set=
ac_cv_env_F77_value=
ac_cv_env_FFLAGS_set=
ac_cv_env_FFLAGS_value=
ac_cv_env_LDFLAGS_set=
ac_cv_env_LDFLAGS_value=
ac_cv_env_PKG_CONFIG_set=
ac_cv_env_PKG_CONFIG_value=
ac_cv_env_STARDICT_CFLAGS_set=
ac_cv_env_STARDICT_CFLAGS_value=
ac_cv_env_STARDICT_LIBS_set=
ac_cv_env_STARDICT_LIBS_value=
ac_cv_env_build_alias_set=
ac_cv_env_build_alias_value=
ac_cv_env_host_alias_set=
ac_cv_env_host_alias_value=
ac_cv_env_target_alias_set=
ac_cv_env_target_alias_value=
ac_cv_exeext=
ac_cv_f77_compiler_gnu=no
ac_cv_header_dlfcn_h=yes
ac_cv_header_inttypes_h=yes
ac_cv_header_memory_h=yes
ac_cv_header_stdc=yes
ac_cv_header_stdint_h=yes
ac_cv_header_stdlib_h=yes
ac_cv_header_string_h=yes
ac_cv_header_strings_h=yes
ac_cv_header_sys_stat_h=yes
ac_cv_header_sys_types_h=yes
ac_cv_header_unistd_h=yes
ac_cv_host=x86_64-redhat-linux-gnu
ac_cv_host_alias=x86_64-redhat-linux-gnu
ac_cv_objext=o
ac_cv_path_ac_pt_PKG_CONFIG=/usr/bin/pkg-config
ac_cv_path_install='/usr/bin/install -c'
ac_cv_prog_AWK=gawk
ac_cv_prog_CPP='gcc -E'
ac_cv_prog_CXXCPP='g++ -E'
ac_cv_prog_ac_ct_AR=ar
ac_cv_prog_ac_ct_CC=gcc
ac_cv_prog_ac_ct_CXX=g++
ac_cv_prog_ac_ct_RANLIB=ranlib
ac_cv_prog_ac_ct_STRIP=strip
ac_cv_prog_cc_g=yes
ac_cv_prog_cc_stdc=
ac_cv_prog_cxx_g=yes
ac_cv_prog_egrep='grep -E'
ac_cv_prog_f77_g=no
ac_cv_prog_make_make_set=yes
am_cv_CC_dependencies_compiler_type=gcc3
am_cv_CXX_dependencies_compiler_type=gcc3
lt_cv_deplibs_check_method=pass_all
lt_cv_file_magic_cmd='$MAGIC_CMD'
lt_cv_file_magic_test_file=
lt_cv_ld_reload_flag=-r
lt_cv_objdir=.libs
lt_cv_path_LD=/usr/bin/ld
lt_cv_path_LDCXX='/usr/bin/ld -m elf_x86_64'
lt_cv_path_NM='/usr/bin/nm -B'
lt_cv_path_SED=/usr/bin/sed
lt_cv_prog_compiler_c_o=yes
lt_cv_prog_compiler_c_o_CXX=yes
lt_cv_prog_compiler_rtti_exceptions=no
lt_cv_prog_gnu_ld=yes
lt_cv_prog_gnu_ldcxx=yes
lt_cv_sys_global_symbol_pipe='sed -n -e '\''s/^.*[ 	]\([ABCDGIRSTW][ABCDGIRSTW]*\)[ 	][ 	]*\([_A-Za-z][_A-Za-z0-9]*\)$/\1 \2 \2/p'\'''
lt_cv_sys_global_symbol_to_c_name_address='sed -n -e '\''s/^: \([^ ]*\) $/  {\"\1\", (lt_ptr) 0},/p'\'' -e '\''s/^[BCDEGRST] \([^ ]*\) \([^ ]*\)$/  {"\2", (lt_ptr) \&\2},/p'\'''
lt_cv_sys_global_symbol_to_cdecl='sed -n -e '\''s/^. .* \(.*\)$/extern int \1;/p'\'''
lt_cv_sys_max_cmd_len=32768
lt_lt_cv_prog_compiler_c_o='"yes"'
lt_lt_cv_prog_compiler_c_o_CXX='"yes"'
lt_lt_cv_sys_global_symbol_pipe='"sed -n -e '\''s/^.*[ 	]\\([ABCDGIRSTW][ABCDGIRSTW]*\\)[ 	][ 	]*\\([_A-Za-z][_A-Za-z0-9]*\\)\$/\\1 \\2 \\2/p'\''"'
lt_lt_cv_sys_global_symbol_to_c_name_address='"sed -n -e '\''s/^: \\([^ ]*\\) \$/  {\\\"\\1\\\", (lt_ptr) 0},/p'\'' -e '\''s/^[BCDEGRST] \\([^ ]*\\) \\([^ ]*\\)\$/  {\"\\2\", (lt_ptr) \\&\\2},/p'\''"'
lt_lt_cv_sys_global_symbol_to_cdecl='"sed -n -e '\''s/^. .* \\(.*\\)\$/extern int \\1;/p'\''"'
pkg_cv_DSL2DICT_CFLAGS=
pkg_cv_DSL2DICT_LIBS='-lpcre '
pkg_cv_STARDICT_CFLAGS='-pthread -I/usr/include/gtk-2.0 -I/usr/lib64/gtk-2.0/include -I/usr/include/pango-1.0 -I/usr/include/atk-1.0 -I/usr/include/cairo -I/usr/include/pixman-1 -I/usr/include/libdrm -I/usr/include/gdk-pixbuf-2.0 -I/usr/include/libpng16 -I/usr/include/pango-1.0 -I/usr/include/harfbuzz -I/usr/include/pango-1.0 -I/usr/include/glib-2.0 -I/usr/lib64/glib-2.0/include -I/usr/include/freetype2 -I/usr/include/libpng16 -I/usr/include/freetype2 -I/usr/include/libpng16 '
pkg_cv_STARDICT_LIBS='-lgtk-x11-2.0 -lgdk-x11-2.0 -lpangocairo-1.0 -latk-1.0 -lcairo -lgdk_pixbuf-2.0 -lgio-2.0 -lpangoft2-1.0 -lpango-1.0 -lgobject-2.0 -lglib-2.0 -lfontconfig -lfreetype '

## ----------------- ##
## Output variables. ##
## ----------------- ##

ACLOCAL='aclocal-1.9'
AMDEPBACKSLASH='\'
AMDEP_FALSE='#'
AMDEP_TRUE=''
AMTAR='tar'
AR='ar'
AUTOCONF='autoconf'
AUTOHEADER='autoheader'
AUTOMAKE='automake-1.9'
AWK='gawk'
CC='gcc'
CCDEPMODE='depmode=gcc3'
CFLAGS='-g -O2'
CPP='gcc -E'
CPPFLAGS=''
CXX='g++'
CXXCPP='g++ -E'
CXXDEPMODE='depmode=gcc3'
CXXFLAGS='-g -O2'
CYGPATH_W='echo'
DEFS='-DHAVE_CONFIG_H'
DEPDIR='.deps'
DSL2DICT_CFLAGS=''
DSL2DICT_LIBS='-lpcre '
ECHO='echo'
ECHO_C=''
ECHO_N='-n'
ECHO_T=''
EGREP='grep -E'
EXEEXT=''
F77=''
FFLAGS=''
INSTALL_DATA='${INSTALL} -m 644'
INSTALL_PROGRAM='${INSTALL}'
INSTALL_SCRIPT='${INSTALL}'
INSTALL_STRIP_PROGRAM='${SHELL} $(install_sh) -c -s'
LDFLAGS=''
LIBOBJS=''
LIBS=''
LIBTOOL='$(SHELL) $(top_builddir)/libtool'
LN_S='ln -s'
LTLIBOBJS=''
MAKEINFO='makeinfo'
OBJEXT='o'
PACKAGE='stardict-tools'
PACKAGE_BUGREPORT='http://stardict.sourceforge.net'
PACKAGE_NAME='stardict-tools'
PACKAGE_STRING='stardict-tools 2.4.8'
PACKAGE_TARNAME='stardict-tools'
PACKAGE_VERSION='2.4.8'
PATH_SEPARATOR=':'
PKG_CONFIG='/usr/bin/pkg-config'
RANLIB='ranlib'
SET_MAKE=''
SHELL='/bin/sh'
STARDICT_CFLAGS='-Wall -pthread -I/usr/include/gtk-2.0 -I/usr/lib64/gtk-2.0/include -I/usr/include/pango-1.0 -I/usr/include/atk-1.0 -I/usr/include/cairo -I/usr/include/pixman-1 -I/usr/include/libdrm -I/usr/include/gdk-pixbuf-2.0 -I/usr/include/libpng16 -I/usr/include/pango-1.0 -I/usr/include/harfbuzz -I/usr/include/pango-1.0 -I/usr/include/glib-2.0 -I/usr/lib64/glib-2.0/include -I/usr/include/freetype2 -I/usr/include/libpng16 -I/usr/include/freetype2 -I/usr/include/libpng16 '
STARDICT_LIBS='-lgtk-x11-2.0 -lgdk-x11-2.0 -lpangocairo-1.0 -latk-1.0 -lcairo -lgdk_pixbuf-2.0 -lgio-2.0 -lpangoft2-1.0 -lpango-1.0 -lgobject-2.0 -lglib-2.0 -lfontconfig -lfreetype '
STRIP='strip'
VERSION='2.4.8'
ac_ct_AR='ar'
ac_ct_CC='gcc'
ac_ct_CXX='g++'
ac_ct_F77=''
ac_ct_RANLIB='ranlib'
ac_ct_STRIP='strip'
ac_pt_PKG_CONFIG='/usr/bin/pkg-config'
am__fastdepCC_FALSE='#'
am__fastdepCC_TRUE=''
am__fastdepCXX_FALSE='#'
am__fastdepCXX_TRUE=''
am__include='include'
am__leading_dot='.'
am__quote=''
am__tar='${AMTAR} chof - "$$tardir"'
am__untar='${AMTAR} xf -'
bindir='${exec_prefix}/bin'
build='x86_64-redhat-linux-gnu'
build_alias=''
build_cpu='x86_64'
build_os='linux-gnu'
build_vendor='redhat'
datadir='${prefix}/share'
exec_prefix='${prefix}'
host='x86_64-redhat-linux-gnu'
host_alias=''
host_cpu='x86_64'
host_os='linux-gnu'
host_vendor='redhat'
includedir='${prefix}/include'
infodir='${prefix}/info'
install_sh='/home/fed/PycharmProjects/tutorial/untitled/Untitled Folder/stardict-tools-2.4.8/install-sh'
libdir='${exec_prefix}/lib'
libexecdir='${exec_prefix}/libexec'
localstatedir='${prefix}/var'
mandir='${prefix}/man'
mkdir_p='mkdir -p --'
oldincludedir='/usr/include'
prefix='/usr/local'
program_transform_name='s,x,x,'
sbindir='${exec_prefix}/sbin'
sharedstatedir='${prefix}/com'
sysconfdir='${prefix}/etc'
target_alias=''

## ----------- ##
## confdefs.h. ##
## ----------- ##

#define HAVE_DLFCN_H 1
#define HAVE_INTTYPES_H 1
#define HAVE_MEMORY_H 1
#define HAVE_STDINT_H 1
#define HAVE_STDLIB_H 1
#define HAVE_STDLIB_H 1
#define HAVE_STRINGS_H 1
#define HAVE_STRING_H 1
#define HAVE_SYS_STAT_H 1
#define HAVE_SYS_TYPES_H 1
#define HAVE_UNISTD_H 1
#define PACKAGE "stardict-tools"
#define PACKAGE_BUGREPORT "http://stardict.sourceforge.net"
#define PACKAGE_NAME "stardict-tools"
#define PACKAGE_STRING "stardict-tools 2.4.8"
#define PACKAGE_TARNAME "stardict-tools"
#define PACKAGE_VERSION "2.4.8"
#define STDC_HEADERS 1
#define STDC_HEADERS 1
#define VERSION "2.4.8"
#endif
#ifdef __cplusplus
extern "C" void exit (int) throw ();

configure: exit 0
